<?xml version="1.0" encoding="UTF-8"?>
<!-- Generated by org.testng.reporters.JUnitReportReporter -->
<testsuite hostname="Pcasa" failures="0" tests="1" name="edit.CeducacionIT23082022.laboratorio11db" time="0.183" errors="0" timestamp="2022-09-20T20:31:22 ART" skipped="0">
  <testcase classname="edit.CeducacionIT23082022.laboratorio11db" name="testBaseDeDatos" time="0.183"/>
  <system-out/>
</testsuite> <!-- edit.CeducacionIT23082022.laboratorio11db -->
