<?xml version="1.0" encoding="UTF-8"?>
<!-- Generated by org.testng.reporters.JUnitReportReporter -->
<testsuite hostname="Pcasa" failures="0" tests="1" name="edit.CeducacionIT23082022.laboratorio13" time="0.006" errors="0" timestamp="2022-09-20T21:13:23 ART" skipped="0">
  <testcase classname="edit.CeducacionIT23082022.laboratorio13" name="test" time="0.006"/>
  <system-out/>
</testsuite> <!-- edit.CeducacionIT23082022.laboratorio13 -->
